Build started 2017/3/25 17:50:30.
     1>Project "F:\MyTest\myTest\testCPP\server\2\server+redis\source\GameServer\GameServer.vcxproj" on node 2 (Build target(s)).
     1>C:\Program Files (x86)\MSBuild\Microsoft.Cpp\v4.0\V120\Microsoft.CppBuild.targets(364,5): warning MSB8004: Output Directory does not end with a trailing slash.  This build instance will add the slash as it is required to allow proper evaluation of the Output Directory.
     1>C:\Program Files (x86)\MSBuild\Microsoft.Cpp\v4.0\V120\Microsoft.CppBuild.targets(388,5): warning MSB8028: The intermediate directory (Release\) contains files shared from another project (GameServer.vcxproj).  This can lead to incorrect clean and rebuild behavior.
     1>ClCompile:
         C:\Program Files (x86)\Microsoft Visual Studio 12.0\VC\bin\CL.exe /c /I../ /Zi /nologo /W3 /WX- /sdl /O2 /Oi /Oy- /GL /D _MBCS /Gm- /EHsc /MD /GS /Gy /fp:precise /Zc:wchar_t /Zc:forScope /Fo"Release\\" /Fd"Release\vc120.pdb" /Gd /TP /analyze- /errorReport:prompt ..\..\include\Log.cpp LogicServer.cpp main.cpp
         Log.cpp
         LogicServer.cpp
     1>f:\mytest\mytest\testcpp\server\2\server+redis\include\NetError.h(9): warning C4251: 'CNetErr::m_strErr' : class 'std::basic_string<char,std::char_traits<char>,std::allocator<char>>' needs to have dll-interface to be used by clients of class 'CNetErr'
     1>f:\mytest\mytest\testcpp\server\2\server+redis\include\TimerMgr.h(52): warning C4251: 'CTimerMgr::timerLock_' : class 'CCriSec' needs to have dll-interface to be used by clients of class 'CTimerMgr'
                 f:\mytest\mytest\testcpp\server\2\server+redis\include\lock.h(10) : see declaration of 'CCriSec'
     1>f:\mytest\mytest\testcpp\server\2\server+redis\include\TimerMgr.h(57): warning C4251: 'CTimerMgr::timerIDmap_' : class 'std::unordered_map<int,int,std::hash<int>,std::equal_to<_Kty>,std::allocator<std::pair<const _Kty,_Ty>>>' needs to have dll-interface to be used by clients of class 'CTimerMgr'
                 with
                 [
                     _Kty=int
         ,            _Ty=int
                 ]
     1>F:\MyTest\myTest\testCPP\server\2\server+redis\include\KernelMgr.h(17): warning C4251: 'MKernelMgr::QueueNormalMsg_' : class 'CLockFreeMgr' needs to have dll-interface to be used by clients of class 'MKernelMgr'
                 f:\mytest\mytest\testcpp\server\2\server+redis\include\QueueMsg.h(109) : see declaration of 'CLockFreeMgr'
     1>F:\MyTest\myTest\testCPP\server\2\server+redis\include\KernelMgr.h(98): warning C4251: 'CKernelMgr::QueueDBMsg_' : class 'CLockFreeMgr' needs to have dll-interface to be used by clients of class 'CKernelMgr'
                 f:\mytest\mytest\testcpp\server\2\server+redis\include\QueueMsg.h(109) : see declaration of 'CLockFreeMgr'
         main.cpp
     1>f:\mytest\mytest\testcpp\server\2\server+redis\include\NetError.h(9): warning C4251: 'CNetErr::m_strErr' : class 'std::basic_string<char,std::char_traits<char>,std::allocator<char>>' needs to have dll-interface to be used by clients of class 'CNetErr'
     1>f:\mytest\mytest\testcpp\server\2\server+redis\include\TimerMgr.h(52): warning C4251: 'CTimerMgr::timerLock_' : class 'CCriSec' needs to have dll-interface to be used by clients of class 'CTimerMgr'
                 f:\mytest\mytest\testcpp\server\2\server+redis\include\lock.h(10) : see declaration of 'CCriSec'
     1>f:\mytest\mytest\testcpp\server\2\server+redis\include\TimerMgr.h(57): warning C4251: 'CTimerMgr::timerIDmap_' : class 'std::unordered_map<int,int,std::hash<int>,std::equal_to<_Kty>,std::allocator<std::pair<const _Kty,_Ty>>>' needs to have dll-interface to be used by clients of class 'CTimerMgr'
                 with
                 [
                     _Kty=int
         ,            _Ty=int
                 ]
     1>F:\MyTest\myTest\testCPP\server\2\server+redis\include\KernelMgr.h(17): warning C4251: 'MKernelMgr::QueueNormalMsg_' : class 'CLockFreeMgr' needs to have dll-interface to be used by clients of class 'MKernelMgr'
                 f:\mytest\mytest\testcpp\server\2\server+redis\include\QueueMsg.h(109) : see declaration of 'CLockFreeMgr'
     1>F:\MyTest\myTest\testCPP\server\2\server+redis\include\KernelMgr.h(98): warning C4251: 'CKernelMgr::QueueDBMsg_' : class 'CLockFreeMgr' needs to have dll-interface to be used by clients of class 'CKernelMgr'
                 f:\mytest\mytest\testcpp\server\2\server+redis\include\QueueMsg.h(109) : see declaration of 'CLockFreeMgr'
       Link:
         C:\Program Files (x86)\Microsoft Visual Studio 12.0\VC\bin\link.exe /ERRORREPORT:PROMPT /OUT:"..\..\bin\Win32\LogicServer.exe" /NOLOGO kernel32.lib user32.lib gdi32.lib winspool.lib comdlg32.lib advapi32.lib shell32.lib ole32.lib oleaut32.lib uuid.lib odbc32.lib odbccp32.lib /MANIFEST /MANIFESTUAC:"level='asInvoker' uiAccess='false'" /manifest:embed /DEBUG /PDB:"..\..\bin\Win32\LogicServer.pdb" /OPT:REF /OPT:ICF /LTCG /TLBID:1 /DYNAMICBASE /NXCOMPAT /IMPLIB:"..\..\bin\Win32\LogicServer.lib" /MACHINE:X86 /SAFESEH Release\Log.obj
         Release\LogicServer.obj
         Release\main.obj
         F:\MyTest\myTest\testCPP\server\2\server+redis\lib\kernel.lib
         Generating code
         Finished generating code
         GameServer.vcxproj -> F:\MyTest\myTest\testCPP\server\2\server+redis\source\GameServer\..\..\bin\Win32\LogicServer.exe
     1>Done Building Project "F:\MyTest\myTest\testCPP\server\2\server+redis\source\GameServer\GameServer.vcxproj" (Build target(s)).

Build succeeded.

Time Elapsed 00:00:02.37
