e:\study\vs2010\wserver-master\source\kernel\release\vc120.pdb
e:\study\vs2010\wserver-master\source\kernel\release\timermgr.obj
e:\study\vs2010\wserver-master\source\kernel\release\tcpsocket.obj
e:\study\vs2010\wserver-master\source\kernel\release\socketarray.obj
e:\study\vs2010\wserver-master\source\kernel\release\queuemsg.obj
e:\study\vs2010\wserver-master\source\kernel\release\netmgr.obj
e:\study\vs2010\wserver-master\source\kernel\release\neterror.obj
e:\study\vs2010\wserver-master\source\kernel\release\netbase.obj
e:\study\vs2010\wserver-master\source\kernel\release\kernelmgr.obj
e:\study\vs2010\wserver-master\source\kernel\release\lock.obj
e:\study\vs2010\wserver-master\source\kernel\release\log.obj
e:\study\vs2010\wserver-master\lib\kernel.lib
e:\study\vs2010\wserver-master\lib\kernel.exp
e:\study\vs2010\wserver-master\bin\win32\kernel.dll
e:\study\vs2010\wserver-master\bin\win32\kernel.pdb
e:\study\vs2010\wserver-master\source\kernel\..\..\bin\win32\kernel.dll
e:\study\vs2010\wserver-master\source\kernel\release\kernel.tlog\cl.command.1.tlog
e:\study\vs2010\wserver-master\source\kernel\release\kernel.tlog\cl.read.1.tlog
e:\study\vs2010\wserver-master\source\kernel\release\kernel.tlog\cl.write.1.tlog
e:\study\vs2010\wserver-master\source\kernel\release\kernel.tlog\kernel.write.1u.tlog
e:\study\vs2010\wserver-master\source\kernel\release\kernel.tlog\link.command.1.tlog
e:\study\vs2010\wserver-master\source\kernel\release\kernel.tlog\link.read.1.tlog
e:\study\vs2010\wserver-master\source\kernel\release\kernel.tlog\link.write.1.tlog
