f:\mytest\mytest\testcpp\server\2\server+redis\source\kernel\x64\release\vc120.pdb
f:\mytest\mytest\testcpp\server\2\server+redis\source\kernel\x64\release\timermgr.obj
f:\mytest\mytest\testcpp\server\2\server+redis\source\kernel\x64\release\tcpsocket.obj
f:\mytest\mytest\testcpp\server\2\server+redis\source\kernel\x64\release\socketarray.obj
f:\mytest\mytest\testcpp\server\2\server+redis\source\kernel\x64\release\queuemsg.obj
f:\mytest\mytest\testcpp\server\2\server+redis\source\kernel\x64\release\netmgr.obj
f:\mytest\mytest\testcpp\server\2\server+redis\source\kernel\x64\release\neterror.obj
f:\mytest\mytest\testcpp\server\2\server+redis\source\kernel\x64\release\netbase.obj
f:\mytest\mytest\testcpp\server\2\server+redis\source\kernel\x64\release\kernelmgr.obj
f:\mytest\mytest\testcpp\server\2\server+redis\source\kernel\x64\release\lock.obj
f:\mytest\mytest\testcpp\server\2\server+redis\source\kernel\x64\release\log.obj
f:\mytest\mytest\testcpp\server\2\server+redis\bin\x64\kernel.lib
f:\mytest\mytest\testcpp\server\2\server+redis\bin\x64\kernel.exp
f:\mytest\mytest\testcpp\server\2\server+redis\bin\x64\kernel.dll
f:\mytest\mytest\testcpp\server\2\server+redis\bin\x64\kernel.pdb
f:\mytest\mytest\testcpp\server\2\server+redis\source\kernel\..\..\bin\x64\kernel.dll
f:\mytest\mytest\testcpp\server\2\server+redis\source\kernel\x64\release\kernel.tlog\cl.command.1.tlog
f:\mytest\mytest\testcpp\server\2\server+redis\source\kernel\x64\release\kernel.tlog\cl.read.1.tlog
f:\mytest\mytest\testcpp\server\2\server+redis\source\kernel\x64\release\kernel.tlog\cl.write.1.tlog
f:\mytest\mytest\testcpp\server\2\server+redis\source\kernel\x64\release\kernel.tlog\kernel.write.1u.tlog
f:\mytest\mytest\testcpp\server\2\server+redis\source\kernel\x64\release\kernel.tlog\link.command.1.tlog
f:\mytest\mytest\testcpp\server\2\server+redis\source\kernel\x64\release\kernel.tlog\link.read.1.tlog
f:\mytest\mytest\testcpp\server\2\server+redis\source\kernel\x64\release\kernel.tlog\link.write.1.tlog
