Build started 2018/1/13 14:04:25.
     1>Project "F:\MyTest\myTest\testCPP\server\2\server_redis_git\iocp_ex_client\iocp_ex_client.vcxproj" on node 2 (Build target(s)).
     1>C:\Program Files (x86)\MSBuild\Microsoft.Cpp\v4.0\V120\Microsoft.CppBuild.targets(364,5): warning MSB8004: Output Directory does not end with a trailing slash.  This build instance will add the slash as it is required to allow proper evaluation of the Output Directory.
     1>C:\Program Files (x86)\MSBuild\Microsoft.Cpp\v4.0\V120\Microsoft.CppBuild.targets(388,5): warning MSB8028: The intermediate directory (Release\) contains files shared from another project (iocp_ex_client.vcxproj).  This can lead to incorrect clean and rebuild behavior.
     1>PreBuildEvent:
         copy ..\bin\Win32\kernel.dll ..\bin\Win32\test_client\
         copy ..\bin\Win32\kernel.pdb ..\bin\Win32\test_client\
         :VCEnd
         已复制         1 个文件。
         已复制         1 个文件。
       Link:
         C:\Program Files (x86)\Microsoft Visual Studio 12.0\VC\bin\link.exe /ERRORREPORT:PROMPT /OUT:"..\bin\Win32\test_client\test_client.exe" /INCREMENTAL:NO /NOLOGO kernel32.lib user32.lib gdi32.lib winspool.lib comdlg32.lib advapi32.lib shell32.lib ole32.lib oleaut32.lib uuid.lib odbc32.lib odbccp32.lib /MANIFEST /MANIFESTUAC:"level='asInvoker' uiAccess='false'" /manifest:embed /DEBUG /PDB:"..\bin\Win32\test_client\test_client.pdb" /SUBSYSTEM:CONSOLE /OPT:REF /OPT:ICF /LTCG /TLBID:1 /DYNAMICBASE /NXCOMPAT /IMPLIB:"..\bin\Win32\test_client\test_client.lib" /MACHINE:X86 /SAFESEH Release\IniParser.obj
         Release\Log.obj
         Release\main.obj
         Release\NetBase.obj
         Release\NetMgr.obj
         Generating code
         Finished generating code
         iocp_ex_client.vcxproj -> F:\MyTest\myTest\testCPP\server\2\server_redis_git\iocp_ex_client\..\bin\Win32\test_client\test_client.exe
     1>Done Building Project "F:\MyTest\myTest\testCPP\server\2\server_redis_git\iocp_ex_client\iocp_ex_client.vcxproj" (Build target(s)).

Build succeeded.

Time Elapsed 00:00:01.25
