f:\mytest\mytest\testcpp\server\server - 单锁\sqlengine\release\sqlengine.pch
f:\mytest\mytest\testcpp\server\server - 单锁\sqlengine\release\vc120.pdb
f:\mytest\mytest\testcpp\server\server - 单锁\sqlengine\release\stdafx.obj
f:\mytest\mytest\testcpp\server\server - 单锁\sqlengine\release\sqlengine.obj
f:\mytest\mytest\testcpp\server\server - 单锁\sqlengine\release\databaseaide.obj
f:\mytest\mytest\testcpp\server\server - 单锁\sqlengine\release\database.obj
f:\mytest\mytest\testcpp\server\server - 单锁\sqlengine\release\dllmain.obj
f:\mytest\mytest\testcpp\server\server - 单锁\release\sqlengine.dll
f:\mytest\mytest\testcpp\server\server - 单锁\release\sqlengine.pdb
f:\mytest\mytest\testcpp\server\server - 单锁\release\sqlengine.lib
f:\mytest\mytest\testcpp\server\server - 单锁\release\sqlengine.exp
f:\mytest\mytest\testcpp\server\server - 单锁\sqlengine\release\msado15.tli
f:\mytest\mytest\testcpp\server\server - 单锁\sqlengine\release\msado15.tlh
f:\mytest\mytest\testcpp\server\server - 单锁\sqlengine\release\sqlengine.tlog\cl.command.1.tlog
f:\mytest\mytest\testcpp\server\server - 单锁\sqlengine\release\sqlengine.tlog\cl.read.1.tlog
f:\mytest\mytest\testcpp\server\server - 单锁\sqlengine\release\sqlengine.tlog\cl.write.1.tlog
f:\mytest\mytest\testcpp\server\server - 单锁\sqlengine\release\sqlengine.tlog\link.command.1.tlog
f:\mytest\mytest\testcpp\server\server - 单锁\sqlengine\release\sqlengine.tlog\link.read.1.tlog
f:\mytest\mytest\testcpp\server\server - 单锁\sqlengine\release\sqlengine.tlog\link.write.1.tlog
f:\mytest\mytest\testcpp\server\server - 单锁\sqlengine\release\sqlengine.tlog\sqlengine.write.1u.tlog
