f:\mytest\mytest\testcpp\server\server - 单锁\source\sqlserver\release\sqlserver.pch
f:\mytest\mytest\testcpp\server\server - 单锁\source\sqlserver\release\vc120.pdb
f:\mytest\mytest\testcpp\server\server - 单锁\source\sqlserver\release\stdafx.obj
f:\mytest\mytest\testcpp\server\server - 单锁\source\sqlserver\release\sqlengine.obj
f:\mytest\mytest\testcpp\server\server - 单锁\source\sqlserver\release\databaseaide.obj
f:\mytest\mytest\testcpp\server\server - 单锁\source\sqlserver\release\database.obj
f:\mytest\mytest\testcpp\server\server - 单锁\source\sqlserver\release\dllmain.obj
f:\mytest\mytest\testcpp\server\server - 单锁\bin\sqlserver.dll
f:\mytest\mytest\testcpp\server\server - 单锁\bin\sqlserver.pdb
f:\mytest\mytest\testcpp\server\server - 单锁\bin\sqlserver.lib
f:\mytest\mytest\testcpp\server\server - 单锁\bin\sqlserver.exp
f:\mytest\mytest\testcpp\server\server - 单锁\source\sqlserver\release\msado15.tli
f:\mytest\mytest\testcpp\server\server - 单锁\source\sqlserver\release\msado15.tlh
f:\mytest\mytest\testcpp\server\server - 单锁\source\sqlserver\release\sqlengine.pch
f:\mytest\mytest\testcpp\server\server - 单锁\source\sqlserver\..\..\bin\sqlserver.dll
f:\mytest\mytest\testcpp\server\server - 单锁\source\sqlserver\release\sqlserver.tlog\cl.command.1.tlog
f:\mytest\mytest\testcpp\server\server - 单锁\source\sqlserver\release\sqlserver.tlog\cl.read.1.tlog
f:\mytest\mytest\testcpp\server\server - 单锁\source\sqlserver\release\sqlserver.tlog\cl.write.1.tlog
f:\mytest\mytest\testcpp\server\server - 单锁\source\sqlserver\release\sqlserver.tlog\link.command.1.tlog
f:\mytest\mytest\testcpp\server\server - 单锁\source\sqlserver\release\sqlserver.tlog\link.read.1.tlog
f:\mytest\mytest\testcpp\server\server - 单锁\source\sqlserver\release\sqlserver.tlog\link.write.1.tlog
f:\mytest\mytest\testcpp\server\server - 单锁\source\sqlserver\release\sqlserver.tlog\sqlserver.write.1u.tlog
