Build started 2018/1/18 16:00:05.
     1>Project "F:\MyTest\myTest\testCPP\server\2\server_redis_git\source\sqlserver\sqlserver.vcxproj" on node 5 (Build target(s)).
     1>C:\Program Files (x86)\MSBuild\Microsoft.Cpp\v4.0\V120\Microsoft.CppBuild.targets(364,5): warning MSB8004: Output Directory does not end with a trailing slash.  This build instance will add the slash as it is required to allow proper evaluation of the Output Directory.
     1>C:\Program Files (x86)\MSBuild\Microsoft.Cpp\v4.0\V120\Microsoft.CppBuild.targets(388,5): warning MSB8028: The intermediate directory (Release\) contains files shared from another project (SqlEngine.vcxproj).  This can lead to incorrect clean and rebuild behavior.
     1>ClCompile:
         C:\Program Files (x86)\Microsoft Visual Studio 12.0\VC\bin\CL.exe /c /I../ /Zi /nologo /W3 /WX- /O2 /Oi /Oy- /GL /D _DB_EXPORT_ /D WIN32 /D NDEBUG /D _WINDOWS /D _USRDLL /D SQLENGINE_EXPORTS /D _WINDLL /D _MBCS /Gm- /EHsc /MD /GS /Gy /fp:precise /Zc:wchar_t /Zc:forScope /Yc"stdafx.h" /Fp"Release\sqlserver.pch" /Fo"Release\\" /Fd"Release\vc120.pdb" /Gd /TP /analyze- /errorReport:prompt stdafx.cpp
         stdafx.cpp
         C:\Program Files (x86)\Microsoft Visual Studio 12.0\VC\bin\CL.exe /c /I../ /Zi /nologo /W3 /WX- /O2 /Oi /Oy- /GL /D _DB_EXPORT_ /D WIN32 /D NDEBUG /D _WINDOWS /D _USRDLL /D SQLENGINE_EXPORTS /D _WINDLL /D _MBCS /Gm- /EHsc /MD /GS /Gy /fp:precise /Zc:wchar_t /Zc:forScope /Yu"stdafx.h" /Fp"Release\sqlserver.pch" /Fo"Release\\" /Fd"Release\vc120.pdb" /Gd /TP /analyze- /errorReport:prompt DataBase.cpp DataBaseAide.cpp SqlEngine.cpp
         DataBase.cpp
         DataBaseAide.cpp
         SqlEngine.cpp
         C:\Program Files (x86)\Microsoft Visual Studio 12.0\VC\bin\CL.exe /c /I../ /Zi /nologo /W3 /WX- /O2 /Oi /Oy- /GL /D _DB_EXPORT_ /D WIN32 /D NDEBUG /D _WINDOWS /D _USRDLL /D SQLENGINE_EXPORTS /D _WINDLL /D _MBCS /Gm- /EHsc /MD /GS /Gy /fp:precise /Zc:wchar_t /Zc:forScope /Fo"Release\\" /Fd"Release\vc120.pdb" /Gd /TP /analyze- /errorReport:prompt dllmain.cpp
         dllmain.cpp
       Link:
         C:\Program Files (x86)\Microsoft Visual Studio 12.0\VC\bin\link.exe /ERRORREPORT:PROMPT /OUT:"..\..\bin\Win32\sqlserver.dll" /INCREMENTAL:NO /NOLOGO kernel32.lib user32.lib gdi32.lib winspool.lib comdlg32.lib advapi32.lib shell32.lib ole32.lib oleaut32.lib uuid.lib odbc32.lib odbccp32.lib /MANIFEST /MANIFESTUAC:"level='asInvoker' uiAccess='false'" /manifest:embed /DEBUG /PDB:"..\..\bin\Win32\sqlserver.pdb" /SUBSYSTEM:WINDOWS /OPT:REF /OPT:ICF /LTCG /TLBID:1 /DYNAMICBASE /NXCOMPAT /IMPLIB:"..\..\lib\Win32\sqlserver.lib" /MACHINE:X86 /SAFESEH /DLL Release\DataBase.obj
         Release\DataBaseAide.obj
         Release\dllmain.obj
         Release\SqlEngine.obj
         Release\stdafx.obj
            Creating library ..\..\lib\Win32\sqlserver.lib and object ..\..\lib\Win32\sqlserver.exp
         Generating code
         Finished generating code
         sqlserver.vcxproj -> F:\MyTest\myTest\testCPP\server\2\server_redis_git\source\sqlserver\..\..\bin\Win32\sqlserver.dll
     1>Done Building Project "F:\MyTest\myTest\testCPP\server\2\server_redis_git\source\sqlserver\sqlserver.vcxproj" (Build target(s)).

Build succeeded.

Time Elapsed 00:00:08.78
