f:\mytest\mytest\testcpp\server\server - 单锁\source\lua\x64\release\vc120.pdb
f:\mytest\mytest\testcpp\server\server - 单锁\source\lua\x64\release\liolib.obj
f:\mytest\mytest\testcpp\server\server - 单锁\source\lua\x64\release\linit.obj
f:\mytest\mytest\testcpp\server\server - 单锁\source\lua\x64\release\lgc.obj
f:\mytest\mytest\testcpp\server\server - 单锁\source\lua\x64\release\lfunc.obj
f:\mytest\mytest\testcpp\server\server - 单锁\source\lua\x64\release\ldump.obj
f:\mytest\mytest\testcpp\server\server - 单锁\source\lua\x64\release\ldo.obj
f:\mytest\mytest\testcpp\server\server - 单锁\source\lua\x64\release\ldebug.obj
f:\mytest\mytest\testcpp\server\server - 单锁\source\lua\x64\release\ldblib.obj
f:\mytest\mytest\testcpp\server\server - 单锁\source\lua\x64\release\lctype.obj
f:\mytest\mytest\testcpp\server\server - 单锁\source\lua\x64\release\lcorolib.obj
f:\mytest\mytest\testcpp\server\server - 单锁\source\lua\x64\release\lcode.obj
f:\mytest\mytest\testcpp\server\server - 单锁\source\lua\x64\release\lbitlib.obj
f:\mytest\mytest\testcpp\server\server - 单锁\source\lua\x64\release\lbaselib.obj
f:\mytest\mytest\testcpp\server\server - 单锁\source\lua\x64\release\lauxlib.obj
f:\mytest\mytest\testcpp\server\server - 单锁\source\lua\x64\release\lapi.obj
f:\mytest\mytest\testcpp\server\server - 单锁\source\lua\x64\release\strbuf.obj
f:\mytest\mytest\testcpp\server\server - 单锁\source\lua\x64\release\lua_cjson.obj
f:\mytest\mytest\testcpp\server\server - 单锁\source\lua\x64\release\g_fmt.obj
f:\mytest\mytest\testcpp\server\server - 单锁\source\lua\x64\release\fpconv.obj
f:\mytest\mytest\testcpp\server\server - 单锁\source\lua\x64\release\dtoa.obj
f:\mytest\mytest\testcpp\server\server - 单锁\source\lua\x64\release\lvm.obj
f:\mytest\mytest\testcpp\server\server - 单锁\source\lua\x64\release\lutf8lib.obj
f:\mytest\mytest\testcpp\server\server - 单锁\source\lua\x64\release\lundump.obj
f:\mytest\mytest\testcpp\server\server - 单锁\source\lua\x64\release\luac.obj
f:\mytest\mytest\testcpp\server\server - 单锁\source\lua\x64\release\lua.obj
f:\mytest\mytest\testcpp\server\server - 单锁\source\lua\x64\release\ltm.obj
f:\mytest\mytest\testcpp\server\server - 单锁\source\lua\x64\release\ltablib.obj
f:\mytest\mytest\testcpp\server\server - 单锁\source\lua\x64\release\ltable.obj
f:\mytest\mytest\testcpp\server\server - 单锁\source\lua\x64\release\lstrlib.obj
f:\mytest\mytest\testcpp\server\server - 单锁\source\lua\x64\release\lstring.obj
f:\mytest\mytest\testcpp\server\server - 单锁\source\lua\x64\release\lstate.obj
f:\mytest\mytest\testcpp\server\server - 单锁\source\lua\x64\release\lserialize.obj
f:\mytest\mytest\testcpp\server\server - 单锁\source\lua\x64\release\lparser.obj
f:\mytest\mytest\testcpp\server\server - 单锁\source\lua\x64\release\loslib.obj
f:\mytest\mytest\testcpp\server\server - 单锁\source\lua\x64\release\lopcodes.obj
f:\mytest\mytest\testcpp\server\server - 单锁\source\lua\x64\release\lobject.obj
f:\mytest\mytest\testcpp\server\server - 单锁\source\lua\x64\release\loadlib.obj
f:\mytest\mytest\testcpp\server\server - 单锁\source\lua\x64\release\lmem.obj
f:\mytest\mytest\testcpp\server\server - 单锁\source\lua\x64\release\lmathlib.obj
f:\mytest\mytest\testcpp\server\server - 单锁\source\lua\x64\release\llex.obj
f:\mytest\mytest\testcpp\server\server - 单锁\source\lua\x64\release\lzio.obj
f:\mytest\mytest\testcpp\server\server - 单锁\bin\x64\lua.lib
f:\mytest\mytest\testcpp\server\server - 单锁\source\lua\..\..\bin\x64\lua.lib
f:\mytest\mytest\testcpp\server\server - 单锁\source\lua\x64\release\lua.tlog\cl.command.1.tlog
f:\mytest\mytest\testcpp\server\server - 单锁\source\lua\x64\release\lua.tlog\cl.read.1.tlog
f:\mytest\mytest\testcpp\server\server - 单锁\source\lua\x64\release\lua.tlog\cl.write.1.tlog
f:\mytest\mytest\testcpp\server\server - 单锁\source\lua\x64\release\lua.tlog\lib-link.read.1.tlog
f:\mytest\mytest\testcpp\server\server - 单锁\source\lua\x64\release\lua.tlog\lib-link.write.1.tlog
f:\mytest\mytest\testcpp\server\server - 单锁\source\lua\x64\release\lua.tlog\lib.command.1.tlog
