Build started 2017/2/11 15:15:02.
     1>Project "F:\MyTest\myTest\testCPP\server\server - 单锁\source\lua\lua.vcxproj" on node 3 (Rebuild target(s)).
     1>C:\Program Files (x86)\MSBuild\Microsoft.Cpp\v4.0\V120\Microsoft.CppBuild.targets(364,5): warning MSB8004: Output Directory does not end with a trailing slash.  This build instance will add the slash as it is required to allow proper evaluation of the Output Directory.
     1>ClCompile:
         C:\Program Files (x86)\Microsoft Visual Studio 12.0\VC\bin\x86_amd64\CL.exe /c /I../ /Zi /nologo /W3 /WX- /sdl /Od /Oi /GL /D WIN32 /D NDEBUG /D _LIB /D _MBCS /Gm- /EHsc /MD /GS /Gy /fp:precise /Zc:wchar_t /Zc:forScope /Fo"x64\Release\\" /Fd"x64\Release\vc120.pdb" /Gd /TC /errorReport:prompt "..\..\3rd\lua-5.3.3\lua-cjson-2.1.0\dtoa.c" "..\..\3rd\lua-5.3.3\lua-cjson-2.1.0\fpconv.c" "..\..\3rd\lua-5.3.3\lua-cjson-2.1.0\g_fmt.c" "..\..\3rd\lua-5.3.3\lua-cjson-2.1.0\lua_cjson.c" "..\..\3rd\lua-5.3.3\lua-cjson-2.1.0\strbuf.c" "..\..\3rd\lua-5.3.3\src\lapi.c" "..\..\3rd\lua-5.3.3\src\lauxlib.c" "..\..\3rd\lua-5.3.3\src\lbaselib.c" "..\..\3rd\lua-5.3.3\src\lbitlib.c" "..\..\3rd\lua-5.3.3\src\lcode.c" "..\..\3rd\lua-5.3.3\src\lcorolib.c" "..\..\3rd\lua-5.3.3\src\lctype.c" "..\..\3rd\lua-5.3.3\src\ldblib.c" "..\..\3rd\lua-5.3.3\src\ldebug.c" "..\..\3rd\lua-5.3.3\src\ldo.c" "..\..\3rd\lua-5.3.3\src\ldump.c" "..\..\3rd\lua-5.3.3\src\lfunc.c" "..\..\3rd\lua-5.3.3\src\lgc.c" "..\..\3rd\lua-5.3.3\src\linit.c" "..\..\3rd\lua-5.3.3\src\liolib.c" "..\..\3rd\lua-5.3.3\src\llex.c" "..\..\3rd\lua-5.3.3\src\lmathlib.c" "..\..\3rd\lua-5.3.3\src\lmem.c" "..\..\3rd\lua-5.3.3\src\loadlib.c" "..\..\3rd\lua-5.3.3\src\lobject.c" "..\..\3rd\lua-5.3.3\src\lopcodes.c" "..\..\3rd\lua-5.3.3\src\loslib.c" "..\..\3rd\lua-5.3.3\src\lparser.c" "..\..\3rd\lua-5.3.3\src\lserialize.c" "..\..\3rd\lua-5.3.3\src\lstate.c" "..\..\3rd\lua-5.3.3\src\lstring.c" "..\..\3rd\lua-5.3.3\src\lstrlib.c" "..\..\3rd\lua-5.3.3\src\ltable.c" "..\..\3rd\lua-5.3.3\src\ltablib.c" "..\..\3rd\lua-5.3.3\src\ltm.c" "..\..\3rd\lua-5.3.3\src\lua.c" "..\..\3rd\lua-5.3.3\src\luac.c" "..\..\3rd\lua-5.3.3\src\lundump.c" "..\..\3rd\lua-5.3.3\src\lutf8lib.c" "..\..\3rd\lua-5.3.3\src\lvm.c" "..\..\3rd\lua-5.3.3\src\lzio.c"
         dtoa.c
     1>..\..\3rd\lua-5.3.3\lua-cjson-2.1.0\dtoa.c(663): warning C4244: '=' : conversion from 'uint64_t' to 'uint32_t', possible loss of data
     1>..\..\3rd\lua-5.3.3\lua-cjson-2.1.0\dtoa.c(857): warning C4244: '=' : conversion from 'uint64_t' to 'uint32_t', possible loss of data
     1>..\..\3rd\lua-5.3.3\lua-cjson-2.1.0\dtoa.c(1704): warning C4244: '=' : conversion from '__int64' to 'int', possible loss of data
     1>..\..\3rd\lua-5.3.3\lua-cjson-2.1.0\dtoa.c(1922): warning C4244: '=' : conversion from '__int64' to 'int', possible loss of data
     1>..\..\3rd\lua-5.3.3\lua-cjson-2.1.0\dtoa.c(1951): warning C4244: '=' : conversion from '__int64' to 'int', possible loss of data
     1>..\..\3rd\lua-5.3.3\lua-cjson-2.1.0\dtoa.c(2566): warning C4244: '=' : conversion from '__int64' to 'int', possible loss of data
     1>..\..\3rd\lua-5.3.3\lua-cjson-2.1.0\dtoa.c(2590): warning C4244: '=' : conversion from '__int64' to 'int', possible loss of data
     1>..\..\3rd\lua-5.3.3\lua-cjson-2.1.0\dtoa.c(2596): warning C4244: '=' : conversion from '__int64' to 'int', possible loss of data
     1>..\..\3rd\lua-5.3.3\lua-cjson-2.1.0\dtoa.c(3390): warning C4244: '=' : conversion from 'double' to 'uint32_t', possible loss of data
     1>..\..\3rd\lua-5.3.3\lua-cjson-2.1.0\dtoa.c(3983): warning C4244: '=' : conversion from 'double' to 'int32_t', possible loss of data
         fpconv.c
     1>..\..\3rd\lua-5.3.3\lua-cjson-2.1.0\fpconv.c(101): warning C4244: 'return' : conversion from '__int64' to 'int', possible loss of data
         g_fmt.c
     1>..\..\3rd\lua-5.3.3\lua-cjson-2.1.0\g_fmt.c(110): warning C4244: 'return' : conversion from '__int64' to 'int', possible loss of data
         lua_cjson.c
     1>..\..\3rd\lua-5.3.3\lua-cjson-2.1.0\lua_cjson.c(233): warning C4244: '=' : conversion from 'lua_Integer' to 'int', possible loss of data
     1>..\..\3rd\lua-5.3.3\lua-cjson-2.1.0\lua_cjson.c(482): warning C4267: 'function' : conversion from 'size_t' to 'int', possible loss of data
     1>..\..\3rd\lua-5.3.3\lua-cjson-2.1.0\lua_cjson.c(517): warning C4244: '=' : conversion from 'double' to 'int', possible loss of data
     1>..\..\3rd\lua-5.3.3\lua-cjson-2.1.0\lua_cjson.c(887): warning C4244: '=' : conversion from '__int64' to 'int', possible loss of data
     1>..\..\3rd\lua-5.3.3\lua-cjson-2.1.0\lua_cjson.c(1036): warning C4244: '=' : conversion from '__int64' to 'int', possible loss of data
     1>..\..\3rd\lua-5.3.3\lua-cjson-2.1.0\lua_cjson.c(1283): warning C4267: 'function' : conversion from 'size_t' to 'int', possible loss of data
         strbuf.c
         lapi.c
         lauxlib.c
         lbaselib.c
         lbitlib.c
         lcode.c
         lcorolib.c
         lctype.c
         ldblib.c
         ldebug.c
         ldo.c
         ldump.c
         lfunc.c
         lgc.c
         linit.c
         liolib.c
         Compiling...
         llex.c
         lmathlib.c
         lmem.c
         loadlib.c
         lobject.c
         lopcodes.c
         loslib.c
         lparser.c
         lserialize.c
     1>..\..\3rd\lua-5.3.3\src\lserialize.c(314): warning C4267: 'initializing' : conversion from 'size_t' to 'int', possible loss of data
     1>..\..\3rd\lua-5.3.3\src\lserialize.c(353): warning C4013: 'serialize_table' undefined; assuming extern returning int
     1>..\..\3rd\lua-5.3.3\src\lserialize.c(394): warning C4090: 'function' : different 'const' qualifiers
     1>..\..\3rd\lua-5.3.3\src\lserialize.c(436): warning C4090: 'initializing' : different 'const' qualifiers
     1>..\..\3rd\lua-5.3.3\src\lserialize.c(448): warning C4554: '>>' : check operator precedence for possible error; use parentheses to clarify precedence
     1>..\..\3rd\lua-5.3.3\src\lserialize.c(474): warning C4267: '=' : conversion from 'size_t' to 'int', possible loss of data
     1>..\..\3rd\lua-5.3.3\src\lserialize.c(478): warning C4267: '=' : conversion from 'size_t' to 'int', possible loss of data
     1>..\..\3rd\lua-5.3.3\src\lserialize.c(495): warning C4013: 'unserialize_table' undefined; assuming extern returning int
         lstate.c
         lstring.c
         lstrlib.c
         ltable.c
         ltablib.c
         ltm.c
         lua.c
         luac.c
         lundump.c
         lutf8lib.c
         lvm.c
         Compiling...
         lzio.c
       Lib:
         C:\Program Files (x86)\Microsoft Visual Studio 12.0\VC\bin\x86_amd64\Lib.exe /OUT:"..\..\bin\x64\lua.lib" /NOLOGO /MACHINE:X64 /LTCG x64\Release\dtoa.obj
         x64\Release\fpconv.obj
         x64\Release\g_fmt.obj
         x64\Release\lua_cjson.obj
         x64\Release\strbuf.obj
         x64\Release\lapi.obj
         x64\Release\lauxlib.obj
         x64\Release\lbaselib.obj
         x64\Release\lbitlib.obj
         x64\Release\lcode.obj
         x64\Release\lcorolib.obj
         x64\Release\lctype.obj
         x64\Release\ldblib.obj
         x64\Release\ldebug.obj
         x64\Release\ldo.obj
         x64\Release\ldump.obj
         x64\Release\lfunc.obj
         x64\Release\lgc.obj
         x64\Release\linit.obj
         x64\Release\liolib.obj
         x64\Release\llex.obj
         x64\Release\lmathlib.obj
         x64\Release\lmem.obj
         x64\Release\loadlib.obj
         x64\Release\lobject.obj
         x64\Release\lopcodes.obj
         x64\Release\loslib.obj
         x64\Release\lparser.obj
         x64\Release\lserialize.obj
         x64\Release\lstate.obj
         x64\Release\lstring.obj
         x64\Release\lstrlib.obj
         x64\Release\ltable.obj
         x64\Release\ltablib.obj
         x64\Release\ltm.obj
         x64\Release\lua.obj
         x64\Release\luac.obj
         x64\Release\lundump.obj
         x64\Release\lutf8lib.obj
         x64\Release\lvm.obj
         x64\Release\lzio.obj
     1>lua.obj : warning LNK4006: main already defined in luac.obj; second definition ignored
     1>fpconv.obj : warning LNK4006: fpconv_g_fmt already defined in g_fmt.obj; second definition ignored
     1>dtoa.obj : warning LNK4006: fpconv_strtod already defined in fpconv.obj; second definition ignored
         lua.vcxproj -> F:\MyTest\myTest\testCPP\server\server - 单锁\source\lua\..\..\bin\x64\lua.lib
     1>Done Building Project "F:\MyTest\myTest\testCPP\server\server - 单锁\source\lua\lua.vcxproj" (Rebuild target(s)).

Build succeeded.

Time Elapsed 00:00:03.00
