生成启动时间为 2018-4-7 13:55:48。
     1>项目“E:\study\vs2010\wserver-master\wserver-master\source\iocp_ex_server\iocp_ex_server.vcxproj”在节点 3 上(build 个目标)。
       项目文件包含 ToolsVersion="12.0" 设置，而此版本的 MSBuild 不支持该工具版本。该项目将视为包含 ToolsVersion="4.0" 设置。
     1>项目“E:\study\vs2010\wserver-master\wserver-master\source\iocp_ex_server\iocp_ex_server.vcxproj”(1)正在节点 2 上生成“E:\study\vs2010\wserver-master\wserver-master\source\kernel\kernel.vcxproj”(2) (GetTargetPath 个目标)。
       项目文件包含 ToolsVersion="12.0" 设置，而此版本的 MSBuild 不支持该工具版本。该项目将视为包含 ToolsVersion="4.0" 设置。
     2>已完成生成项目“E:\study\vs2010\wserver-master\wserver-master\source\kernel\kernel.vcxproj”(GetTargetPath 个目标)的操作。
     1>项目“E:\study\vs2010\wserver-master\wserver-master\source\iocp_ex_server\iocp_ex_server.vcxproj”(1)正在节点 3 上生成“E:\study\vs2010\wserver-master\wserver-master\source\lua\lua.vcxproj”(3) (GetTargetPath 个目标)。
       项目文件包含 ToolsVersion="12.0" 设置，而此版本的 MSBuild 不支持该工具版本。该项目将视为包含 ToolsVersion="4.0" 设置。
     3>已完成生成项目“E:\study\vs2010\wserver-master\wserver-master\source\lua\lua.vcxproj”(GetTargetPath 个目标)的操作。
     1>项目“E:\study\vs2010\wserver-master\wserver-master\source\iocp_ex_server\iocp_ex_server.vcxproj”(1)正在节点 3 上生成“E:\study\vs2010\wserver-master\wserver-master\source\lua\lua.vcxproj”(3:2) (GetNativeManifest 个目标)。
       项目文件包含 ToolsVersion="12.0" 设置，而此版本的 MSBuild 不支持该工具版本。该项目将视为包含 ToolsVersion="4.0" 设置。
     3>已完成生成项目“E:\study\vs2010\wserver-master\wserver-master\source\lua\lua.vcxproj”(GetNativeManifest 个目标)的操作。
     1>项目“E:\study\vs2010\wserver-master\wserver-master\source\iocp_ex_server\iocp_ex_server.vcxproj”(1)正在节点 2 上生成“E:\study\vs2010\wserver-master\wserver-master\source\kernel\kernel.vcxproj”(2:2) (GetNativeManifest 个目标)。
       项目文件包含 ToolsVersion="12.0" 设置，而此版本的 MSBuild 不支持该工具版本。该项目将视为包含 ToolsVersion="4.0" 设置。
     2>已完成生成项目“E:\study\vs2010\wserver-master\wserver-master\source\kernel\kernel.vcxproj”(GetNativeManifest 个目标)的操作。
     1>InitializeBuildStatus:
         正在创建“Debug/test_server.unsuccessfulbuild”，因为已指定“AlwaysCreate”。
       ClCompile:
         所有输出均为最新。
     1>项目“E:\study\vs2010\wserver-master\wserver-master\source\iocp_ex_server\iocp_ex_server.vcxproj”(1)正在节点 2 上生成“E:\study\vs2010\wserver-master\wserver-master\source\kernel\kernel.vcxproj”(2:3) (GetResolvedLinkLibs 个目标)。
       项目文件包含 ToolsVersion="12.0" 设置，而此版本的 MSBuild 不支持该工具版本。该项目将视为包含 ToolsVersion="4.0" 设置。
     1>项目“E:\study\vs2010\wserver-master\wserver-master\source\iocp_ex_server\iocp_ex_server.vcxproj”(1)正在节点 3 上生成“E:\study\vs2010\wserver-master\wserver-master\source\lua\lua.vcxproj”(3:3) (GetResolvedLinkLibs 个目标)。
       项目文件包含 ToolsVersion="12.0" 设置，而此版本的 MSBuild 不支持该工具版本。该项目将视为包含 ToolsVersion="4.0" 设置。
     2>已完成生成项目“E:\study\vs2010\wserver-master\wserver-master\source\kernel\kernel.vcxproj”(GetResolvedLinkLibs 个目标)的操作。
     3>C:\Program Files\MSBuild\Microsoft.Cpp\v4.0\Microsoft.CppBuild.targets(299,5): warning MSB8004: Output 目录未以斜杠结尾。此生成实例将添加斜杠，因为必须有这个斜杠才能正确计算 Output 目录。
     3>已完成生成项目“E:\study\vs2010\wserver-master\wserver-master\source\lua\lua.vcxproj”(GetResolvedLinkLibs 个目标)的操作。
     1>ManifestResourceCompile:
         所有输出均为最新。
     1>C:\Program Files\MSBuild\Microsoft.Cpp\v4.0\Microsoft.CppBuild.targets(990,5): warning MSB8012: TargetPath(E:\study\vs2010\wserver-master\wserver-master\source\iocp_ex_server\../../bin/test_server.exe) 与 Linker 的 OutputFile 属性值(E:\study\vs2010\wserver-master\wserver-master\bin\Win32\test_server\test_server.exe)不匹配。这可能导致项目生成不正确。若要更正此问题，请确保 $(OutDir)、$(TargetName) 和 $(TargetExt) 属性值与 %(Link.OutputFile) 中指定的值匹配。
       Link:
         所有输出均为最新。
       Manifest:
         所有输出均为最新。
     1>项目“E:\study\vs2010\wserver-master\wserver-master\source\iocp_ex_server\iocp_ex_server.vcxproj”(1)正在节点 3 上生成“E:\study\vs2010\wserver-master\wserver-master\source\lua\lua.vcxproj”(3:4) (GetCopyToOutputDirectoryItems 个目标)。
       项目文件包含 ToolsVersion="12.0" 设置，而此版本的 MSBuild 不支持该工具版本。该项目将视为包含 ToolsVersion="4.0" 设置。
     1>项目“E:\study\vs2010\wserver-master\wserver-master\source\iocp_ex_server\iocp_ex_server.vcxproj”(1)正在节点 2 上生成“E:\study\vs2010\wserver-master\wserver-master\source\kernel\kernel.vcxproj”(2:4) (GetCopyToOutputDirectoryItems 个目标)。
       项目文件包含 ToolsVersion="12.0" 设置，而此版本的 MSBuild 不支持该工具版本。该项目将视为包含 ToolsVersion="4.0" 设置。
     2>已完成生成项目“E:\study\vs2010\wserver-master\wserver-master\source\kernel\kernel.vcxproj”(GetCopyToOutputDirectoryItems 个目标)的操作。
     3>已完成生成项目“E:\study\vs2010\wserver-master\wserver-master\source\lua\lua.vcxproj”(GetCopyToOutputDirectoryItems 个目标)的操作。
     1>FinalizeBuildStatus:
         正在删除文件“Debug/test_server.unsuccessfulbuild”。
         正在对“Debug/test_server.lastbuildstate”执行 Touch 任务。
     1>已完成生成项目“E:\study\vs2010\wserver-master\wserver-master\source\iocp_ex_server\iocp_ex_server.vcxproj”(build 个目标)的操作。

生成成功。

已用时间 00:00:00.26
