f:\mytest\mytest\testcpp\server\server - 单锁\iocp_ex_server\debug\vc120.pdb
f:\mytest\mytest\testcpp\server\server - 单锁\iocp_ex_server\debug\vc120.idb
f:\mytest\mytest\testcpp\server\server - 单锁\iocp_ex_server\debug\common.obj
f:\mytest\mytest\testcpp\server\server - 单锁\iocp_ex_server\debug\log.obj
f:\mytest\mytest\testcpp\server\server - 单锁\iocp_ex_server\debug\districlienthandle.obj
f:\mytest\mytest\testcpp\server\server - 单锁\iocp_ex_server\debug\distriserverhandle.obj
f:\mytest\mytest\testcpp\server\server - 单锁\iocp_ex_server\debug\mainmgr.obj
f:\mytest\mytest\testcpp\server\server - 单锁\iocp_ex_server\debug\mysqldbprocess.obj
f:\mytest\mytest\testcpp\server\server - 单锁\iocp_ex_server\debug\mysqlhandle.obj
f:\mytest\mytest\testcpp\server\server - 单锁\iocp_ex_server\debug\player.obj
f:\mytest\mytest\testcpp\server\server - 单锁\iocp_ex_server\debug\playermgr.obj
f:\mytest\mytest\testcpp\server\server - 单锁\iocp_ex_server\debug\serverlogichandle.obj
f:\mytest\mytest\testcpp\server\server - 单锁\iocp_ex_server\debug\sqlserverhandle.obj
f:\mytest\mytest\testcpp\server\server - 单锁\iocp_ex_server\debug\main.obj
f:\mytest\mytest\testcpp\server\server - 单锁\bin\server.ilk
f:\mytest\mytest\testcpp\server\server - 单锁\bin\server.exe
f:\mytest\mytest\testcpp\server\server - 单锁\bin\iocp_ex_server.pdb
f:\mytest\mytest\testcpp\server\server - 单锁\iocp_ex_server\debug\msado15.tli
f:\mytest\mytest\testcpp\server\server - 单锁\iocp_ex_server\debug\msado15.tlh
f:\mytest\mytest\testcpp\server\server - 单锁\iocp_ex_server\debug\iocp_ex_server.tlog\cl.command.1.tlog
f:\mytest\mytest\testcpp\server\server - 单锁\iocp_ex_server\debug\iocp_ex_server.tlog\cl.read.1.tlog
f:\mytest\mytest\testcpp\server\server - 单锁\iocp_ex_server\debug\iocp_ex_server.tlog\cl.write.1.tlog
f:\mytest\mytest\testcpp\server\server - 单锁\iocp_ex_server\debug\iocp_ex_server.tlog\iocp_ex_server.write.1u.tlog
f:\mytest\mytest\testcpp\server\server - 单锁\iocp_ex_server\debug\iocp_ex_server.tlog\link.command.1.tlog
f:\mytest\mytest\testcpp\server\server - 单锁\iocp_ex_server\debug\iocp_ex_server.tlog\link.read.1.tlog
f:\mytest\mytest\testcpp\server\server - 单锁\iocp_ex_server\debug\iocp_ex_server.tlog\link.write.1.tlog
