f:\mytest\mytest\testcpp\server\server - 单锁\sqlengine\debug\sqlengine.pch
f:\mytest\mytest\testcpp\server\server - 单锁\sqlengine\debug\vc120.pdb
f:\mytest\mytest\testcpp\server\server - 单锁\sqlengine\debug\vc120.idb
f:\mytest\mytest\testcpp\server\server - 单锁\sqlengine\debug\stdafx.obj
f:\mytest\mytest\testcpp\server\server - 单锁\sqlengine\debug\database.obj
f:\mytest\mytest\testcpp\server\server - 单锁\sqlengine\debug\databaseaide.obj
f:\mytest\mytest\testcpp\server\server - 单锁\sqlengine\debug\sqlengine.obj
f:\mytest\mytest\testcpp\server\server - 单锁\sqlengine\debug\dllmain.obj
f:\mytest\mytest\testcpp\server\server - 单锁\bin\sqlengine.ilk
f:\mytest\mytest\testcpp\server\server - 单锁\bin\sqlengine.dll
f:\mytest\mytest\testcpp\server\server - 单锁\bin\sqlengine.pdb
f:\mytest\mytest\testcpp\server\server - 单锁\bin\sqlengine.lib
f:\mytest\mytest\testcpp\server\server - 单锁\bin\sqlengine.exp
f:\mytest\mytest\testcpp\server\server - 单锁\sqlengine\debug\msado15.tli
f:\mytest\mytest\testcpp\server\server - 单锁\sqlengine\debug\msado15.tlh
f:\mytest\mytest\testcpp\server\server - 单锁\sqlengine\../bin\sqlengine.dll
f:\mytest\mytest\testcpp\server\server - 单锁\sqlengine\debug\sqlengine.tlog\cl.command.1.tlog
f:\mytest\mytest\testcpp\server\server - 单锁\sqlengine\debug\sqlengine.tlog\cl.read.1.tlog
f:\mytest\mytest\testcpp\server\server - 单锁\sqlengine\debug\sqlengine.tlog\cl.write.1.tlog
f:\mytest\mytest\testcpp\server\server - 单锁\sqlengine\debug\sqlengine.tlog\link.command.1.tlog
f:\mytest\mytest\testcpp\server\server - 单锁\sqlengine\debug\sqlengine.tlog\link.read.1.tlog
f:\mytest\mytest\testcpp\server\server - 单锁\sqlengine\debug\sqlengine.tlog\link.write.1.tlog
f:\mytest\mytest\testcpp\server\server - 单锁\sqlengine\debug\sqlengine.tlog\sqlengine.write.1u.tlog
