f:\mytest\mytest\testcpp\server\server - 单锁\lua\debug\vc120.pdb
f:\mytest\mytest\testcpp\server\server - 单锁\lua\debug\vc120.idb
f:\mytest\mytest\testcpp\server\server - 单锁\lua\debug\llex.obj
f:\mytest\mytest\testcpp\server\server - 单锁\lua\debug\lmathlib.obj
f:\mytest\mytest\testcpp\server\server - 单锁\lua\debug\lmem.obj
f:\mytest\mytest\testcpp\server\server - 单锁\lua\debug\loadlib.obj
f:\mytest\mytest\testcpp\server\server - 单锁\lua\debug\lobject.obj
f:\mytest\mytest\testcpp\server\server - 单锁\lua\debug\lopcodes.obj
f:\mytest\mytest\testcpp\server\server - 单锁\lua\debug\loslib.obj
f:\mytest\mytest\testcpp\server\server - 单锁\lua\debug\lparser.obj
f:\mytest\mytest\testcpp\server\server - 单锁\lua\debug\lstate.obj
f:\mytest\mytest\testcpp\server\server - 单锁\lua\debug\lstring.obj
f:\mytest\mytest\testcpp\server\server - 单锁\lua\debug\lstrlib.obj
f:\mytest\mytest\testcpp\server\server - 单锁\lua\debug\ltable.obj
f:\mytest\mytest\testcpp\server\server - 单锁\lua\debug\ltablib.obj
f:\mytest\mytest\testcpp\server\server - 单锁\lua\debug\ltm.obj
f:\mytest\mytest\testcpp\server\server - 单锁\lua\debug\lua.obj
f:\mytest\mytest\testcpp\server\server - 单锁\lua\debug\luac.obj
f:\mytest\mytest\testcpp\server\server - 单锁\lua\debug\lundump.obj
f:\mytest\mytest\testcpp\server\server - 单锁\lua\debug\lutf8lib.obj
f:\mytest\mytest\testcpp\server\server - 单锁\lua\debug\lvm.obj
f:\mytest\mytest\testcpp\server\server - 单锁\lua\debug\lzio.obj
f:\mytest\mytest\testcpp\server\server - 单锁\lua\debug\lapi.obj
f:\mytest\mytest\testcpp\server\server - 单锁\lua\debug\lauxlib.obj
f:\mytest\mytest\testcpp\server\server - 单锁\lua\debug\lbaselib.obj
f:\mytest\mytest\testcpp\server\server - 单锁\lua\debug\lbitlib.obj
f:\mytest\mytest\testcpp\server\server - 单锁\lua\debug\lcode.obj
f:\mytest\mytest\testcpp\server\server - 单锁\lua\debug\lcorolib.obj
f:\mytest\mytest\testcpp\server\server - 单锁\lua\debug\lctype.obj
f:\mytest\mytest\testcpp\server\server - 单锁\lua\debug\ldblib.obj
f:\mytest\mytest\testcpp\server\server - 单锁\lua\debug\ldebug.obj
f:\mytest\mytest\testcpp\server\server - 单锁\lua\debug\ldo.obj
f:\mytest\mytest\testcpp\server\server - 单锁\lua\debug\ldump.obj
f:\mytest\mytest\testcpp\server\server - 单锁\lua\debug\lfunc.obj
f:\mytest\mytest\testcpp\server\server - 单锁\lua\debug\lgc.obj
f:\mytest\mytest\testcpp\server\server - 单锁\lua\debug\linit.obj
f:\mytest\mytest\testcpp\server\server - 单锁\lua\debug\liolib.obj
f:\mytest\mytest\testcpp\server\server - 单锁\lib\lua.lib
f:\mytest\mytest\testcpp\server\server - 单锁\lua\../lib\lua.lib
f:\mytest\mytest\testcpp\server\server - 单锁\lua\debug\lua.tlog\cl.command.1.tlog
f:\mytest\mytest\testcpp\server\server - 单锁\lua\debug\lua.tlog\cl.read.1.tlog
f:\mytest\mytest\testcpp\server\server - 单锁\lua\debug\lua.tlog\cl.write.1.tlog
f:\mytest\mytest\testcpp\server\server - 单锁\lua\debug\lua.tlog\lib-link.read.1.tlog
f:\mytest\mytest\testcpp\server\server - 单锁\lua\debug\lua.tlog\lib-link.write.1.tlog
f:\mytest\mytest\testcpp\server\server - 单锁\lua\debug\lua.tlog\lib.command.1.tlog
