e:\study\vs2010\wserver-master\source\lua\release\vc120.pdb
e:\study\vs2010\wserver-master\source\lua\release\lobject.obj
e:\study\vs2010\wserver-master\source\lua\release\loadlib.obj
e:\study\vs2010\wserver-master\source\lua\release\lmem.obj
e:\study\vs2010\wserver-master\source\lua\release\lmathlib.obj
e:\study\vs2010\wserver-master\source\lua\release\llex.obj
e:\study\vs2010\wserver-master\source\lua\release\liolib.obj
e:\study\vs2010\wserver-master\source\lua\release\linit.obj
e:\study\vs2010\wserver-master\source\lua\release\lgc.obj
e:\study\vs2010\wserver-master\source\lua\release\lfunc.obj
e:\study\vs2010\wserver-master\source\lua\release\ldump.obj
e:\study\vs2010\wserver-master\source\lua\release\ldo.obj
e:\study\vs2010\wserver-master\source\lua\release\ldebug.obj
e:\study\vs2010\wserver-master\source\lua\release\ldblib.obj
e:\study\vs2010\wserver-master\source\lua\release\lctype.obj
e:\study\vs2010\wserver-master\source\lua\release\lcorolib.obj
e:\study\vs2010\wserver-master\source\lua\release\lcode.obj
e:\study\vs2010\wserver-master\source\lua\release\lbitlib.obj
e:\study\vs2010\wserver-master\source\lua\release\lbaselib.obj
e:\study\vs2010\wserver-master\source\lua\release\lauxlib.obj
e:\study\vs2010\wserver-master\source\lua\release\lapi.obj
e:\study\vs2010\wserver-master\source\lua\release\lzio.obj
e:\study\vs2010\wserver-master\source\lua\release\lvm.obj
e:\study\vs2010\wserver-master\source\lua\release\lutf8lib.obj
e:\study\vs2010\wserver-master\source\lua\release\lundump.obj
e:\study\vs2010\wserver-master\source\lua\release\luac.obj
e:\study\vs2010\wserver-master\source\lua\release\lua.obj
e:\study\vs2010\wserver-master\source\lua\release\ltm.obj
e:\study\vs2010\wserver-master\source\lua\release\ltablib.obj
e:\study\vs2010\wserver-master\source\lua\release\ltable.obj
e:\study\vs2010\wserver-master\source\lua\release\lstrlib.obj
e:\study\vs2010\wserver-master\source\lua\release\lstring.obj
e:\study\vs2010\wserver-master\source\lua\release\lstate.obj
e:\study\vs2010\wserver-master\source\lua\release\lserialize.obj
e:\study\vs2010\wserver-master\source\lua\release\lparser.obj
e:\study\vs2010\wserver-master\source\lua\release\loslib.obj
e:\study\vs2010\wserver-master\source\lua\release\lopcodes.obj
e:\study\vs2010\wserver-master\lib\win32\lua.lib
e:\study\vs2010\wserver-master\source\lua\../../lib/win32/lua.lib
e:\study\vs2010\wserver-master\source\lua\release\lua.tlog\cl.command.1.tlog
e:\study\vs2010\wserver-master\source\lua\release\lua.tlog\cl.read.1.tlog
e:\study\vs2010\wserver-master\source\lua\release\lua.tlog\cl.write.1.tlog
e:\study\vs2010\wserver-master\source\lua\release\lua.tlog\lib-link.read.1.tlog
e:\study\vs2010\wserver-master\source\lua\release\lua.tlog\lib-link.write.1.tlog
e:\study\vs2010\wserver-master\source\lua\release\lua.tlog\lib.command.1.tlog
