f:\mytest\mytest\testcpp\server\server - 单锁\source\iocp_ex_server\x64\release\vc120.pdb
f:\mytest\mytest\testcpp\server\server - 单锁\source\iocp_ex_server\x64\release\main.obj
f:\mytest\mytest\testcpp\server\server - 单锁\source\iocp_ex_server\x64\release\sqlserverhandle.obj
f:\mytest\mytest\testcpp\server\server - 单锁\source\iocp_ex_server\x64\release\serverlogichandle.obj
f:\mytest\mytest\testcpp\server\server - 单锁\source\iocp_ex_server\x64\release\playermgr.obj
f:\mytest\mytest\testcpp\server\server - 单锁\source\iocp_ex_server\x64\release\player.obj
f:\mytest\mytest\testcpp\server\server - 单锁\source\iocp_ex_server\x64\release\mysqlhandle.obj
f:\mytest\mytest\testcpp\server\server - 单锁\source\iocp_ex_server\x64\release\mysqldbprocess.obj
f:\mytest\mytest\testcpp\server\server - 单锁\source\iocp_ex_server\x64\release\mainmgr.obj
f:\mytest\mytest\testcpp\server\server - 单锁\source\iocp_ex_server\x64\release\luamanager.obj
f:\mytest\mytest\testcpp\server\server - 单锁\source\iocp_ex_server\x64\release\distriserverhandle.obj
f:\mytest\mytest\testcpp\server\server - 单锁\source\iocp_ex_server\x64\release\districlienthandle.obj
f:\mytest\mytest\testcpp\server\server - 单锁\source\iocp_ex_server\x64\release\log.obj
f:\mytest\mytest\testcpp\server\server - 单锁\source\iocp_ex_server\x64\release\common.obj
f:\mytest\mytest\testcpp\server\server - 单锁\source\iocp_ex_server\x64\release\msado15.tli
f:\mytest\mytest\testcpp\server\server - 单锁\source\iocp_ex_server\x64\release\msado15.tlh
f:\mytest\mytest\testcpp\server\server - 单锁\source\iocp_ex_server\x64\release\iocp_ex_server.tlog\cl.command.1.tlog
f:\mytest\mytest\testcpp\server\server - 单锁\source\iocp_ex_server\x64\release\iocp_ex_server.tlog\cl.read.1.tlog
f:\mytest\mytest\testcpp\server\server - 单锁\source\iocp_ex_server\x64\release\iocp_ex_server.tlog\cl.write.1.tlog
f:\mytest\mytest\testcpp\server\server - 单锁\source\iocp_ex_server\x64\release\iocp_ex_server.tlog\link.command.1.tlog
f:\mytest\mytest\testcpp\server\server - 单锁\source\iocp_ex_server\x64\release\iocp_ex_server.tlog\link.read.1.tlog
f:\mytest\mytest\testcpp\server\server - 单锁\source\iocp_ex_server\x64\release\iocp_ex_server.tlog\link.write.1.tlog
