生成启动时间为 2018/4/11 22:38:36。
     1>项目“E:\study\vs2010\wserver-master\source\GatewayServer\GatewayServer.vcxproj”在节点 2 上(Build 个目标)。
     1>C:\Program Files (x86)\MSBuild\Microsoft.Cpp\v4.0\V120\Microsoft.CppBuild.targets(381,5): warning MSB8028: The intermediate directory (Release\) contains files shared from another project (GatewayServer.vcxproj).  This can lead to incorrect clean and rebuild behavior.
     1>PreBuildEvent:
         copy ..\..\bin\Win32\kernel.dll ..\..\bin\Win32\WGatewayServer\
         copy ..\..\bin\Win32\kernel.pdb ..\..\bin\Win32\WGatewayServer\
         :VCEnd
         已复制         1 个文件。
         已复制         1 个文件。
       Link:
         D:\Program Files (x86)\Microsoft Visual Studio 12.0\VC\bin\link.exe /ERRORREPORT:PROMPT /OUT:"..\..\bin\Win32\WGatewayServer\WGatewayServer.exe" /NOLOGO kernel32.lib user32.lib gdi32.lib winspool.lib comdlg32.lib advapi32.lib shell32.lib ole32.lib oleaut32.lib uuid.lib odbc32.lib odbccp32.lib /MANIFEST /MANIFESTUAC:"level='asInvoker' uiAccess='false'" /manifest:embed /DEBUG /PDB:"..\..\bin\Win32\WGatewayServer\WGatewayServer.pdb" /OPT:REF /OPT:ICF /LTCG /TLBID:1 /DYNAMICBASE /NXCOMPAT /IMPLIB:"..\..\bin\Win32\WGatewayServer\WGatewayServer.lib" /MACHINE:X86 /SAFESEH Release\IniParser.obj
         Release\Log.obj
         Release\GatewayServer.obj
         Release\GatewayServerLogic.obj
         Release\GatewayServerLogin.obj
         Release\main.obj
         "E:\study\vs2010\wserver-master\lib\kernel.lib"
         正在生成代码
         已完成代码的生成
         GatewayServer.vcxproj -> E:\study\vs2010\wserver-master\source\GatewayServer\..\..\bin\Win32\WGatewayServer\WGatewayServer.exe
     1>已完成生成项目“E:\study\vs2010\wserver-master\source\GatewayServer\GatewayServer.vcxproj”(Build 个目标)的操作。

生成成功。

已用时间 00:00:01.60
