生成启动时间为 2018/4/11 20:48:30。
     1>项目“E:\study\vs2010\wserver-master\source\iocp_ex_server\iocp_ex_server.vcxproj”在节点 2 上(Build 个目标)。
     1>C:\Program Files (x86)\MSBuild\Microsoft.Cpp\v4.0\V120\Microsoft.CppBuild.targets(357,5): warning MSB8004: Output Directory does not end with a trailing slash.  This build instance will add the slash as it is required to allow proper evaluation of the Output Directory.
     1>C:\Program Files (x86)\MSBuild\Microsoft.Cpp\v4.0\V120\Microsoft.CppBuild.targets(381,5): warning MSB8028: The intermediate directory (Release\) contains files shared from another project (iocp_ex_server.vcxproj).  This can lead to incorrect clean and rebuild behavior.
     1>PreBuildEvent:
         copy ..\..\bin\Win32\kernel.dll ..\..\bin\Win32\test_server\
         copy ..\..\bin\Win32\kernel.pdb ..\..\bin\Win32\test_server\
         :VCEnd
         已复制         1 个文件。
         已复制         1 个文件。
       ClCompile:
         D:\Program Files (x86)\Microsoft Visual Studio 12.0\VC\bin\CL.exe /c /I../proto_file /I../../include/ /I../mysql/include /I../serialize /I"../../3rd/lua-5.3.3/src" /Zi /nologo /W3 /WX- /Od /Oi /Oy- /GL /D _CRT_SECURE_NO_WARNINGS /D WIN32 /D NDEBUG /D _CONSOLE /D _MBCS /Gm- /EHsc /MD /GS /Gy /fp:precise /Zc:wchar_t /Zc:forScope /Fo"Release\\" /Fd"Release\vc120.pdb" /Gd /TP /analyze- /errorReport:prompt ..\..\include\Log.cpp
         Log.cpp
     1>..\..\include\Log.cpp(394): warning C4018: “<”: 有符号/无符号不匹配
     1>..\..\include\Log.cpp(403): warning C4018: “<”: 有符号/无符号不匹配
       Link:
         D:\Program Files (x86)\Microsoft Visual Studio 12.0\VC\bin\link.exe /ERRORREPORT:PROMPT /OUT:"..\..\bin\Win32\test_server\test_server.exe" /INCREMENTAL:NO /NOLOGO winmm.lib kernel32.lib user32.lib gdi32.lib winspool.lib comdlg32.lib advapi32.lib shell32.lib ole32.lib oleaut32.lib uuid.lib odbc32.lib odbccp32.lib /MANIFEST /MANIFESTUAC:"level='asInvoker' uiAccess='false'" /manifest:embed /DEBUG /PDB:"..\..\bin\Win32\test_server\test_server.pdb" /SUBSYSTEM:CONSOLE /OPT:REF /OPT:ICF /LTCG /TLBID:1 /DYNAMICBASE /NXCOMPAT /IMPLIB:"..\..\bin\Win32\test_server\test_server.lib" /MACHINE:X86 /SAFESEH Release\common.obj
         Release\IniParser.obj
         Release\Log.obj
         Release\DistriClientHandle.obj
         Release\DistriServerHandle.obj
         Release\LuaManager.obj
         Release\MainMgr.obj
         Release\MysqlDBProcess.obj
         Release\MySqlHandle.obj
         Release\Player.obj
         Release\PlayerMgr.obj
         Release\ServerLogicHandle.obj
         Release\SqlServerHandle.obj
         Release\main.obj
         "E:\study\vs2010\wserver-master\lib\kernel.lib"
         "E:\study\vs2010\wserver-master\lib\Win32\lua.lib"
         正在生成代码
         已完成代码的生成
         iocp_ex_server.vcxproj -> E:\study\vs2010\wserver-master\source\iocp_ex_server\..\..\bin\Win32\test_server\test_server.exe
     1>已完成生成项目“E:\study\vs2010\wserver-master\source\iocp_ex_server\iocp_ex_server.vcxproj”(Build 个目标)的操作。

生成成功。

已用时间 00:00:03.61
