f:\mytest\mytest\testcpp\server\2\server+redis\source\iocp_ex_server\release\vc120.pdb
f:\mytest\mytest\testcpp\server\2\server+redis\source\iocp_ex_server\release\main.obj
f:\mytest\mytest\testcpp\server\2\server+redis\source\iocp_ex_server\release\sqlserverhandle.obj
f:\mytest\mytest\testcpp\server\2\server+redis\source\iocp_ex_server\release\serverlogichandle.obj
f:\mytest\mytest\testcpp\server\2\server+redis\source\iocp_ex_server\release\playermgr.obj
f:\mytest\mytest\testcpp\server\2\server+redis\source\iocp_ex_server\release\player.obj
f:\mytest\mytest\testcpp\server\2\server+redis\source\iocp_ex_server\release\mysqlhandle.obj
f:\mytest\mytest\testcpp\server\2\server+redis\source\iocp_ex_server\release\mainmgr.obj
f:\mytest\mytest\testcpp\server\2\server+redis\source\iocp_ex_server\release\luamanager.obj
f:\mytest\mytest\testcpp\server\2\server+redis\source\iocp_ex_server\release\distriserverhandle.obj
f:\mytest\mytest\testcpp\server\2\server+redis\source\iocp_ex_server\release\districlienthandle.obj
f:\mytest\mytest\testcpp\server\2\server+redis\source\iocp_ex_server\release\dbserver.obj
f:\mytest\mytest\testcpp\server\2\server+redis\source\iocp_ex_server\release\log.obj
f:\mytest\mytest\testcpp\server\2\server+redis\source\iocp_ex_server\release\common.obj
f:\mytest\mytest\testcpp\server\2\server+redis\source\iocp_ex_server\release\mysqldbprocess.obj
f:\mytest\mytest\testcpp\server\2\server+redis\bin\server.exe
f:\mytest\mytest\testcpp\server\2\server+redis\bin\server.pdb
f:\mytest\mytest\testcpp\server\2\server+redis\source\iocp_ex_server\release\msado15.tli
f:\mytest\mytest\testcpp\server\2\server+redis\source\iocp_ex_server\release\msado15.tlh
f:\mytest\mytest\testcpp\server\2\server+redis\source\iocp_ex_server\../../bin\server.exe
f:\mytest\mytest\testcpp\server\2\server+redis\source\iocp_ex_server\release\iocp_ex_server.tlog\cl.command.1.tlog
f:\mytest\mytest\testcpp\server\2\server+redis\source\iocp_ex_server\release\iocp_ex_server.tlog\cl.read.1.tlog
f:\mytest\mytest\testcpp\server\2\server+redis\source\iocp_ex_server\release\iocp_ex_server.tlog\cl.write.1.tlog
f:\mytest\mytest\testcpp\server\2\server+redis\source\iocp_ex_server\release\iocp_ex_server.tlog\link.command.1.tlog
f:\mytest\mytest\testcpp\server\2\server+redis\source\iocp_ex_server\release\iocp_ex_server.tlog\link.read.1.tlog
f:\mytest\mytest\testcpp\server\2\server+redis\source\iocp_ex_server\release\iocp_ex_server.tlog\link.write.1.tlog
