Build started 2018/1/18 16:00:06.
     1>Project "F:\MyTest\myTest\testCPP\server\2\server_redis_git\source\server_win\server_win.vcxproj" on node 2 (Build target(s)).
     1>C:\Program Files (x86)\MSBuild\Microsoft.Cpp\v4.0\V120\Microsoft.CppBuild.targets(364,5): warning MSB8004: Output Directory does not end with a trailing slash.  This build instance will add the slash as it is required to allow proper evaluation of the Output Directory.
     1>ClCompile:
         C:\Program Files (x86)\Microsoft Visual Studio 12.0\VC\bin\CL.exe /c /I../proto_file /I../include/ /Zi /nologo /W3 /WX- /O2 /Oi /Oy- /GL /D WIN32 /D NDEBUG /D _WINDOWS /D _MBCS /Gm- /EHsc /MD /GS /Gy /fp:precise /Zc:wchar_t /Zc:forScope /Yc"stdafx.h" /Fp"Release\server_win.pch" /Fo"Release\\" /Fd"Release\vc120.pdb" /Gd /TP /analyze- /errorReport:prompt stdafx.cpp
         stdafx.cpp
         C:\Program Files (x86)\Microsoft Visual Studio 12.0\VC\bin\CL.exe /c /I../proto_file /I../include/ /Zi /nologo /W3 /WX- /O2 /Oi /Oy- /GL /D WIN32 /D NDEBUG /D _WINDOWS /D _MBCS /Gm- /EHsc /MD /GS /Gy /fp:precise /Zc:wchar_t /Zc:forScope /Yu"stdafx.h" /Fp"Release\server_win.pch" /Fo"Release\\" /Fd"Release\vc120.pdb" /Gd /TP /analyze- /errorReport:prompt ..\include\Log.cpp ..\iocp_ex_server\ClientLogicHandle.cpp ..\iocp_ex_server\MainMgr.cpp ..\iocp_ex_server\MySqlHandle.cpp ..\iocp_ex_server\ServerLogicHandle.cpp ..\iocp_ex_server\SqlServerHandle.cpp server_win.cpp
         Log.cpp
     1>c1xx : fatal error C1083: Cannot open source file: '..\include\Log.cpp': No such file or directory
         ClientLogicHandle.cpp
     1>c1xx : fatal error C1083: Cannot open source file: '..\iocp_ex_server\ClientLogicHandle.cpp': No such file or directory
         MainMgr.cpp
     1>..\iocp_ex_server\MainMgr.cpp(1): warning C4627: '#include "MainMgr.h"': skipped when looking for precompiled header use
                 Add directive to 'stdafx.h' or rebuild precompiled header
     1>..\iocp_ex_server\MainMgr.cpp(2): warning C4627: '#include "TimerID.h"': skipped when looking for precompiled header use
                 Add directive to 'stdafx.h' or rebuild precompiled header
     1>..\iocp_ex_server\MainMgr.cpp(3): warning C4627: '#include "LuaManager.h"': skipped when looking for precompiled header use
                 Add directive to 'stdafx.h' or rebuild precompiled header
     1>..\iocp_ex_server\MainMgr.cpp(211): fatal error C1010: unexpected end of file while looking for precompiled header. Did you forget to add '#include "stdafx.h"' to your source?
         MySqlHandle.cpp
     1>..\iocp_ex_server\MySqlHandle.cpp(1): warning C4627: '#include "MySqlHandle.h"': skipped when looking for precompiled header use
                 Add directive to 'stdafx.h' or rebuild precompiled header
     1>..\iocp_ex_server\MySqlHandle.cpp(2): warning C4627: '#include "TimerID.h"': skipped when looking for precompiled header use
                 Add directive to 'stdafx.h' or rebuild precompiled header
     1>..\iocp_ex_server\MySqlHandle.cpp(247): fatal error C1010: unexpected end of file while looking for precompiled header. Did you forget to add '#include "stdafx.h"' to your source?
         ServerLogicHandle.cpp
     1>..\iocp_ex_server\ServerLogicHandle.cpp(1): warning C4627: '#include "ServerLogicHandle.h"': skipped when looking for precompiled header use
                 Add directive to 'stdafx.h' or rebuild precompiled header
     1>..\iocp_ex_server\ServerLogicHandle.cpp(2): warning C4627: '#include "TimerID.h"': skipped when looking for precompiled header use
                 Add directive to 'stdafx.h' or rebuild precompiled header
     1>..\iocp_ex_server\ServerLogicHandle.cpp(3): warning C4627: '#include "IniParser.h"': skipped when looking for precompiled header use
                 Add directive to 'stdafx.h' or rebuild precompiled header
     1>..\iocp_ex_server\ServerLogicHandle.cpp(177): fatal error C1010: unexpected end of file while looking for precompiled header. Did you forget to add '#include "stdafx.h"' to your source?
         SqlServerHandle.cpp
     1>..\iocp_ex_server\SqlServerHandle.cpp(1): warning C4627: '#include "SqlServerHandle.h"': skipped when looking for precompiled header use
                 Add directive to 'stdafx.h' or rebuild precompiled header
     1>..\iocp_ex_server\SqlServerHandle.cpp(193): fatal error C1010: unexpected end of file while looking for precompiled header. Did you forget to add '#include "stdafx.h"' to your source?
         server_win.cpp
     1>server_win.cpp(6): fatal error C1083: Cannot open include file: 'dump.h': No such file or directory
     1>Done Building Project "F:\MyTest\myTest\testCPP\server\2\server_redis_git\source\server_win\server_win.vcxproj" (Build target(s)) -- FAILED.

Build FAILED.

Time Elapsed 00:00:03.76
